Using pre-set license
Built from '2023.2/staging' branch; Version is '2023.2.9f1 (0c9c2e1f4bef) revision 826414'; Using compiler version '193431935'; Build Type 'Release'
OS: 'Windows 11  (10.0.22621) 64bit Core' Language: 'en' Physical Memory: 15596 MB
BatchMode: 1, IsHumanControllingUs: 0, StartBugReporterOnCrash: 0, Is64bit: 1, IsPro: 1

COMMAND LINE ARGUMENTS:
C:\Program Files\Unity\Hub\Editor\2023.2.9f1\Editor\Unity.exe
-adb2
-batchMode
-noUpm
-name
AssetImportWorker0
-projectPath
C:/Users/turki/OneDrive/المستندات/GitHub/desktop-tutorial/desktop-tutorial
-logFile
Logs/AssetImportWorker0.log
-srvPort
58578
-job-worker-count
7
-background-job-worker-count
8
-asset-garbage-collectors
1
Successfully changed project path to: C:/Users/turki/OneDrive/المستندات/GitHub/desktop-tutorial/desktop-tutorial
C:/Users/turki/OneDrive/المستندات/GitHub/desktop-tutorial/desktop-tutorial
[UnityMemory] Configuration Parameters - Can be set up in boot.config
    "memorysetup-bucket-allocator-granularity=16"
    "memorysetup-bucket-allocator-bucket-count=8"
    "memorysetup-bucket-allocator-block-size=33554432"
    "memorysetup-bucket-allocator-block-count=8"
    "memorysetup-main-allocator-block-size=16777216"
    "memorysetup-thread-allocator-block-size=16777216"
    "memorysetup-gfx-main-allocator-block-size=16777216"
    "memorysetup-gfx-thread-allocator-block-size=16777216"
    "memorysetup-cache-allocator-block-size=4194304"
    "memorysetup-typetree-allocator-block-size=2097152"
    "memorysetup-profiler-bucket-allocator-granularity=16"
    "memorysetup-profiler-bucket-allocator-bucket-count=8"
    "memorysetup-profiler-bucket-allocator-block-size=33554432"
    "memorysetup-profiler-bucket-allocator-block-count=8"
    "memorysetup-profiler-allocator-block-size=16777216"
    "memorysetup-profiler-editor-allocator-block-size=1048576"
    "memorysetup-temp-allocator-size-main=16777216"
    "memorysetup-job-temp-allocator-block-size=2097152"
    "memorysetup-job-temp-allocator-block-size-background=1048576"
    "memorysetup-job-temp-allocator-reduction-small-platforms=262144"
    "memorysetup-allocator-temp-initial-block-size-main=262144"
    "memorysetup-allocator-temp-initial-block-size-worker=262144"
    "memorysetup-temp-allocator-size-background-worker=32768"
    "memorysetup-temp-allocator-size-job-worker=262144"
    "memorysetup-temp-allocator-size-preload-manager=33554432"
    "memorysetup-temp-allocator-size-nav-mesh-worker=65536"
    "memorysetup-temp-allocator-size-audio-worker=65536"
    "memorysetup-temp-allocator-size-cloud-worker=32768"
    "memorysetup-temp-allocator-size-gi-baking-worker=262144"
    "memorysetup-temp-allocator-size-gi-baking-worker=262144"
    "memorysetup-temp-allocator-size-gi-baking-worker=262144"
    "memorysetup-temp-allocator-size-gi-baking-worker=262144"
    "memorysetup-temp-allocator-size-gfx=262144"
Player connection [40640] Host "[IP] 10.174.30.20 [Port] 0 [Flags] 2 [Guid] 777214510 [EditorId] 777214510 [Version] 1048832 [Id] WindowsEditor(7,TUR) [Debug] 1 [PackageName] WindowsEditor [ProjectName] Editor" joined multi-casting on [225.0.0.222:54997]...
Player connection [40640] Host "[IP] 10.174.30.20 [Port] 0 [Flags] 2 [Guid] 777214510 [EditorId] 777214510 [Version] 1048832 [Id] WindowsEditor(7,TUR) [Debug] 1 [PackageName] WindowsEditor [ProjectName] Editor" joined alternative multi-casting on [225.0.0.222:34997]...
JobSystem: Creating JobQueue using job-worker-count value 7
[Physics::Module] Initialized MultithreadedJobDispatcher with 7 workers.
Library Redirect Path: Library/
Refreshing native plugins compatible for Editor in 1.22 ms, found 3 plugins.
Preloading 0 native plugins for Editor in 0.00 ms.
Initialize engine version: 2023.2.9f1 (0c9c2e1f4bef)
[Subsystems] Discovering subsystems at path C:/Program Files/Unity/Hub/Editor/2023.2.9f1/Editor/Data/Resources/UnitySubsystems
[Subsystems] Discovering subsystems at path C:/Users/turki/OneDrive/المستندات/GitHub/desktop-tutorial/desktop-tutorial/Assets
GfxDevice: creating device client; kGfxThreadingModeNonThreaded
Direct3D:
    Version:  Direct3D 11.0 [level 11.1]
    Renderer: AMD Radeon RX 6700S (ID=0x73ef)
    Vendor:   ATI
    VRAM:     8146 MB
    Driver:   31.0.12024.2005
Initialize mono
Mono path[0] = 'C:/Program Files/Unity/Hub/Editor/2023.2.9f1/Editor/Data/Managed'
Mono path[1] = 'C:/Program Files/Unity/Hub/Editor/2023.2.9f1/Editor/Data/MonoBleedingEdge/lib/mono/unityjit-win32'
Mono config path = 'C:/Program Files/Unity/Hub/Editor/2023.2.9f1/Editor/Data/MonoBleedingEdge/etc'
Using monoOptions --debugger-agent=transport=dt_socket,embedding=1,server=y,suspend=n,address=127.0.0.1:56960
Begin MonoManager ReloadAssembly
Registering precompiled unity dll's ...
Register platform support module: C:/Program Files/Unity/Hub/Editor/2023.2.9f1/Editor/Data/PlaybackEngines/WindowsStandaloneSupport/UnityEditor.WindowsStandalone.Extensions.dll
Register platform support module: C:/Program Files/Unity/Hub/Editor/2023.2.9f1/Editor/Data/PlaybackEngines/AndroidPlayer/UnityEditor.Android.Extensions.dll
Register platform support module: C:/Program Files/Unity/Hub/Editor/2023.2.9f1/Editor/Data/PlaybackEngines/iOSSupport/UnityEditor.iOS.Extensions.dll
Registered in 0.004605 seconds.
- Loaded All Assemblies, in  0.380 seconds
Native extension for iOS target not found
Native extension for Android target not found
Android Extension - Scanning For ADB Devices 210 ms
Native extension for WindowsStandalone target not found
Mono: successfully reloaded assembly
- Finished resetting the current domain, in  0.584 seconds
Domain Reload Profiling: 963ms
	BeginReloadAssembly (130ms)
		ExecutionOrderSort (0ms)
		DisableScriptedObjects (0ms)
		BackupInstance (0ms)
		ReleaseScriptingObjects (0ms)
		CreateAndSetChildDomain (1ms)
	RebuildCommonClasses (33ms)
	RebuildNativeTypeToScriptingClass (13ms)
	initialDomainReloadingComplete (50ms)
	LoadAllAssembliesAndSetupDomain (152ms)
		LoadAssemblies (127ms)
		RebuildTransferFunctionScriptingTraits (0ms)
		AnalyzeDomain (149ms)
			TypeCache.Refresh (147ms)
				TypeCache.ScanAssembly (135ms)
			BuildScriptInfoCaches (0ms)
			ResolveRequiredComponents (0ms)
	FinalizeReload (585ms)
		ReleaseScriptCaches (0ms)
		RebuildScriptCaches (0ms)
		SetupLoadedEditorAssemblies (535ms)
			LogAssemblyErrors (0ms)
			InitializePlatformSupportModulesInManaged (317ms)
			SetLoadedEditorAssemblies (4ms)
			BeforeProcessingInitializeOnLoad (7ms)
			ProcessInitializeOnLoadAttributes (154ms)
			ProcessInitializeOnLoadMethodAttributes (53ms)
			AfterProcessingInitializeOnLoad (0ms)
			EditorAssembliesLoaded (0ms)
		ExecutionOrderSort2 (0ms)
		AwakeInstancesAfterBackupRestoration (0ms)
========================================================================
Worker process is ready to serve import requests
Import Worker Mode flag is 0x00
Begin MonoManager ReloadAssembly
- Loaded All Assemblies, in  0.817 seconds
Refreshing native plugins compatible for Editor in 0.78 ms, found 3 plugins.
Native extension for iOS target not found
Native extension for Android target not found
Native extension for WindowsStandalone target not found
Mono: successfully reloaded assembly
- Finished resetting the current domain, in  0.675 seconds
Domain Reload Profiling: 1490ms
	BeginReloadAssembly (276ms)
		ExecutionOrderSort (0ms)
		DisableScriptedObjects (5ms)
		BackupInstance (0ms)
		ReleaseScriptingObjects (0ms)
		CreateAndSetChildDomain (35ms)
	RebuildCommonClasses (32ms)
	RebuildNativeTypeToScriptingClass (11ms)
	initialDomainReloadingComplete (34ms)
	LoadAllAssembliesAndSetupDomain (462ms)
		LoadAssemblies (366ms)
		RebuildTransferFunctionScriptingTraits (0ms)
		AnalyzeDomain (180ms)
			TypeCache.Refresh (149ms)
				TypeCache.ScanAssembly (134ms)
			BuildScriptInfoCaches (23ms)
			ResolveRequiredComponents (5ms)
	FinalizeReload (676ms)
		ReleaseScriptCaches (0ms)
		RebuildScriptCaches (0ms)
		SetupLoadedEditorAssemblies (494ms)
			LogAssemblyErrors (0ms)
			InitializePlatformSupportModulesInManaged (25ms)
			SetLoadedEditorAssemblies (6ms)
			BeforeProcessingInitializeOnLoad (76ms)
			ProcessInitializeOnLoadAttributes (364ms)
			ProcessInitializeOnLoadMethodAttributes (19ms)
			AfterProcessingInitializeOnLoad (4ms)
			EditorAssembliesLoaded (0ms)
		ExecutionOrderSort2 (0ms)
		AwakeInstancesAfterBackupRestoration (7ms)
Launched and connected shader compiler UnityShaderCompiler.exe after 0.02 seconds
Refreshing native plugins compatible for Editor in 1.24 ms, found 3 plugins.
Preloading 0 native plugins for Editor in 0.00 ms.
Unloading 45 Unused Serialized files (Serialized files now loaded: 0)
Unloading 3991 unused Assets / (1.5 MB). Loaded Objects now: 4612.
Memory consumption went from 143.4 MB to 141.9 MB.
Total: 7.401300 ms (FindLiveObjects: 0.477100 ms CreateObjectMapping: 0.718800 ms MarkObjects: 4.662700 ms  DeleteObjects: 1.541600 ms)

========================================================================
Received Prepare
Begin MonoManager ReloadAssembly
- Loaded All Assemblies, in  0.649 seconds
Refreshing native plugins compatible for Editor in 0.76 ms, found 3 plugins.
Native extension for iOS target not found
Native extension for Android target not found
Native extension for WindowsStandalone target not found
Mono: successfully reloaded assembly
- Finished resetting the current domain, in  0.656 seconds
Domain Reload Profiling: 1303ms
	BeginReloadAssembly (186ms)
		ExecutionOrderSort (0ms)
		DisableScriptedObjects (5ms)
		BackupInstance (0ms)
		ReleaseScriptingObjects (0ms)
		CreateAndSetChildDomain (48ms)
	RebuildCommonClasses (35ms)
	RebuildNativeTypeToScriptingClass (11ms)
	initialDomainReloadingComplete (25ms)
	LoadAllAssembliesAndSetupDomain (389ms)
		LoadAssemblies (361ms)
		RebuildTransferFunctionScriptingTraits (0ms)
		AnalyzeDomain (121ms)
			TypeCache.Refresh (7ms)
				TypeCache.ScanAssembly (0ms)
			BuildScriptInfoCaches (108ms)
			ResolveRequiredComponents (4ms)
	FinalizeReload (657ms)
		ReleaseScriptCaches (0ms)
		RebuildScriptCaches (0ms)
		SetupLoadedEditorAssemblies (476ms)
			LogAssemblyErrors (0ms)
			InitializePlatformSupportModulesInManaged (19ms)
			SetLoadedEditorAssemblies (4ms)
			BeforeProcessingInitializeOnLoad (85ms)
			ProcessInitializeOnLoadAttributes (346ms)
			ProcessInitializeOnLoadMethodAttributes (18ms)
			AfterProcessingInitializeOnLoad (4ms)
			EditorAssembliesLoaded (0ms)
		ExecutionOrderSort2 (0ms)
		AwakeInstancesAfterBackupRestoration (6ms)
Refreshing native plugins compatible for Editor in 0.84 ms, found 3 plugins.
Preloading 0 native plugins for Editor in 0.00 ms.
Unloading 3 Unused Serialized files (Serialized files now loaded: 0)
Unloading 3989 unused Assets / (1.8 MB). Loaded Objects now: 4612.
Memory consumption went from 135.5 MB to 133.8 MB.
Total: 7.682300 ms (FindLiveObjects: 0.438700 ms CreateObjectMapping: 0.497000 ms MarkObjects: 4.865300 ms  DeleteObjects: 1.880100 ms)

Prepare: number of updated asset objects reloaded= 0
========================================================================
Received Import Request.
  Time since last request: 1113669.441485 seconds.
  path: Assets/Sphere.prefab
  artifactKey: Guid(2d76c7ccc35f0294d8b6a24afbdfbbdf) Importer(815301076,1909f56bfc062723c751e8b465ee728b)
Start importing Assets/Sphere.prefab using Guid(2d76c7ccc35f0294d8b6a24afbdfbbdf) Importer(815301076,1909f56bfc062723c751e8b465ee728b) (PreviewImporter) -> (artifact id: '4e1f5b9978b363d28d5f59122b6cd82b') in 0.1613957 seconds
Number of updated asset objects reloaded before import = 0Number of asset objects unloaded after import = 160

========================================================================
Received Prepare
Begin MonoManager ReloadAssembly
- Loaded All Assemblies, in  0.641 seconds
Refreshing native plugins compatible for Editor in 1.06 ms, found 3 plugins.
Native extension for iOS target not found
Native extension for Android target not found
Native extension for WindowsStandalone target not found
Mono: successfully reloaded assembly
- Finished resetting the current domain, in  0.688 seconds
Domain Reload Profiling: 1328ms
	BeginReloadAssembly (183ms)
		ExecutionOrderSort (0ms)
		DisableScriptedObjects (6ms)
		BackupInstance (0ms)
		ReleaseScriptingObjects (0ms)
		CreateAndSetChildDomain (44ms)
	RebuildCommonClasses (31ms)
	RebuildNativeTypeToScriptingClass (10ms)
	initialDomainReloadingComplete (21ms)
	LoadAllAssembliesAndSetupDomain (395ms)
		LoadAssemblies (360ms)
		RebuildTransferFunctionScriptingTraits (0ms)
		AnalyzeDomain (125ms)
			TypeCache.Refresh (5ms)
				TypeCache.ScanAssembly (0ms)
			BuildScriptInfoCaches (111ms)
			ResolveRequiredComponents (5ms)
	FinalizeReload (688ms)
		ReleaseScriptCaches (0ms)
		RebuildScriptCaches (0ms)
		SetupLoadedEditorAssemblies (503ms)
			LogAssemblyErrors (0ms)
			InitializePlatformSupportModulesInManaged (22ms)
			SetLoadedEditorAssemblies (5ms)
			BeforeProcessingInitializeOnLoad (84ms)
			ProcessInitializeOnLoadAttributes (367ms)
			ProcessInitializeOnLoadMethodAttributes (19ms)
			AfterProcessingInitializeOnLoad (5ms)
			EditorAssembliesLoaded (0ms)
		ExecutionOrderSort2 (0ms)
		AwakeInstancesAfterBackupRestoration (7ms)
Refreshing native plugins compatible for Editor in 0.83 ms, found 3 plugins.
Preloading 0 native plugins for Editor in 0.00 ms.
Unloading 3 Unused Serialized files (Serialized files now loaded: 0)
Unloading 3989 unused Assets / (1.4 MB). Loaded Objects now: 4622.
Memory consumption went from 138.2 MB to 136.8 MB.
Total: 6.467900 ms (FindLiveObjects: 0.406300 ms CreateObjectMapping: 0.517700 ms MarkObjects: 4.114300 ms  DeleteObjects: 1.428800 ms)

Prepare: number of updated asset objects reloaded= 0
========================================================================
Received Prepare
Begin MonoManager ReloadAssembly
- Loaded All Assemblies, in  0.654 seconds
Refreshing native plugins compatible for Editor in 0.85 ms, found 3 plugins.
Native extension for iOS target not found
Native extension for Android target not found
Native extension for WindowsStandalone target not found
Mono: successfully reloaded assembly
- Finished resetting the current domain, in  0.706 seconds
Domain Reload Profiling: 1358ms
	BeginReloadAssembly (192ms)
		ExecutionOrderSort (0ms)
		DisableScriptedObjects (6ms)
		BackupInstance (0ms)
		ReleaseScriptingObjects (0ms)
		CreateAndSetChildDomain (54ms)
	RebuildCommonClasses (33ms)
	RebuildNativeTypeToScriptingClass (11ms)
	initialDomainReloadingComplete (23ms)
	LoadAllAssembliesAndSetupDomain (393ms)
		LoadAssemblies (360ms)
		RebuildTransferFunctionScriptingTraits (0ms)
		AnalyzeDomain (125ms)
			TypeCache.Refresh (5ms)
				TypeCache.ScanAssembly (0ms)
			BuildScriptInfoCaches (113ms)
			ResolveRequiredComponents (4ms)
	FinalizeReload (707ms)
		ReleaseScriptCaches (0ms)
		RebuildScriptCaches (0ms)
		SetupLoadedEditorAssemblies (506ms)
			LogAssemblyErrors (0ms)
			InitializePlatformSupportModulesInManaged (22ms)
			SetLoadedEditorAssemblies (5ms)
			BeforeProcessingInitializeOnLoad (83ms)
			ProcessInitializeOnLoadAttributes (375ms)
			ProcessInitializeOnLoadMethodAttributes (17ms)
			AfterProcessingInitializeOnLoad (4ms)
			EditorAssembliesLoaded (0ms)
		ExecutionOrderSort2 (0ms)
		AwakeInstancesAfterBackupRestoration (6ms)
Refreshing native plugins compatible for Editor in 0.84 ms, found 3 plugins.
Preloading 0 native plugins for Editor in 0.00 ms.
Unloading 3 Unused Serialized files (Serialized files now loaded: 0)
Unloading 3989 unused Assets / (1.5 MB). Loaded Objects now: 4622.
Memory consumption went from 140.1 MB to 138.6 MB.
Total: 6.764700 ms (FindLiveObjects: 0.408100 ms CreateObjectMapping: 0.458500 ms MarkObjects: 4.357500 ms  DeleteObjects: 1.539500 ms)

Prepare: number of updated asset objects reloaded= 0
========================================================================
Received Import Request.
  Time since last request: 113.587675 seconds.
  path: Assets/Scenes_2/inputActicn.inputactions
  artifactKey: Guid(a3f4e12366b934343857b9ee04fbc444) Importer(815301076,1909f56bfc062723c751e8b465ee728b)
Start importing Assets/Scenes_2/inputActicn.inputactions using Guid(a3f4e12366b934343857b9ee04fbc444) Importer(815301076,1909f56bfc062723c751e8b465ee728b) (PreviewImporter) -> (artifact id: 'a6d1b4184ab616dc534fbf1f50d590eb') in 0.0197695 seconds
Number of updated asset objects reloaded before import = 0Number of asset objects unloaded after import = 1

========================================================================
Received Import Request.
  Time since last request: 43.089481 seconds.
  path: Assets/Scenes_2/inputActions.inputactions
  artifactKey: Guid(a3f4e12366b934343857b9ee04fbc444) Importer(815301076,1909f56bfc062723c751e8b465ee728b)
Start importing Assets/Scenes_2/inputActions.inputactions using Guid(a3f4e12366b934343857b9ee04fbc444) Importer(815301076,1909f56bfc062723c751e8b465ee728b) (PreviewImporter) -> (artifact id: 'e3af3d89049495f1ee6ba0138230b1bc') in 0.0012311 seconds
Number of updated asset objects reloaded before import = 0Number of asset objects unloaded after import = 1

========================================================================
Received Prepare
Begin MonoManager ReloadAssembly
- Loaded All Assemblies, in  0.640 seconds
Refreshing native plugins compatible for Editor in 1.35 ms, found 3 plugins.
Native extension for iOS target not found
Native extension for Android target not found
Native extension for WindowsStandalone target not found
Mono: successfully reloaded assembly
- Finished resetting the current domain, in  0.725 seconds
Domain Reload Profiling: 1363ms
	BeginReloadAssembly (182ms)
		ExecutionOrderSort (0ms)
		DisableScriptedObjects (7ms)
		BackupInstance (0ms)
		ReleaseScriptingObjects (0ms)
		CreateAndSetChildDomain (46ms)
	RebuildCommonClasses (37ms)
	RebuildNativeTypeToScriptingClass (11ms)
	initialDomainReloadingComplete (21ms)
	LoadAllAssembliesAndSetupDomain (387ms)
		LoadAssemblies (352ms)
		RebuildTransferFunctionScriptingTraits (0ms)
		AnalyzeDomain (122ms)
			TypeCache.Refresh (5ms)
				TypeCache.ScanAssembly (0ms)
			BuildScriptInfoCaches (110ms)
			ResolveRequiredComponents (4ms)
	FinalizeReload (725ms)
		ReleaseScriptCaches (0ms)
		RebuildScriptCaches (0ms)
		SetupLoadedEditorAssemblies (522ms)
			LogAssemblyErrors (0ms)
			InitializePlatformSupportModulesInManaged (23ms)
			SetLoadedEditorAssemblies (4ms)
			BeforeProcessingInitializeOnLoad (93ms)
			ProcessInitializeOnLoadAttributes (376ms)
			ProcessInitializeOnLoadMethodAttributes (21ms)
			AfterProcessingInitializeOnLoad (4ms)
			EditorAssembliesLoaded (0ms)
		ExecutionOrderSort2 (0ms)
		AwakeInstancesAfterBackupRestoration (7ms)
Refreshing native plugins compatible for Editor in 0.86 ms, found 3 plugins.
Preloading 0 native plugins for Editor in 0.00 ms.
Unloading 3 Unused Serialized files (Serialized files now loaded: 0)
Unloading 3989 unused Assets / (1.4 MB). Loaded Objects now: 4622.
Memory consumption went from 142.0 MB to 140.6 MB.
Total: 6.854300 ms (FindLiveObjects: 0.419700 ms CreateObjectMapping: 0.486700 ms MarkObjects: 4.538400 ms  DeleteObjects: 1.408300 ms)

Prepare: number of updated asset objects reloaded= 0
========================================================================
Received Prepare
Begin MonoManager ReloadAssembly
- Loaded All Assemblies, in  0.626 seconds
Refreshing native plugins compatible for Editor in 0.79 ms, found 3 plugins.
Native extension for iOS target not found
Native extension for Android target not found
Native extension for WindowsStandalone target not found
Mono: successfully reloaded assembly
- Finished resetting the current domain, in  0.695 seconds
Domain Reload Profiling: 1320ms
	BeginReloadAssembly (186ms)
		ExecutionOrderSort (0ms)
		DisableScriptedObjects (5ms)
		BackupInstance (0ms)
		ReleaseScriptingObjects (0ms)
		CreateAndSetChildDomain (51ms)
	RebuildCommonClasses (31ms)
	RebuildNativeTypeToScriptingClass (12ms)
	initialDomainReloadingComplete (23ms)
	LoadAllAssembliesAndSetupDomain (372ms)
		LoadAssemblies (347ms)
		RebuildTransferFunctionScriptingTraits (0ms)
		AnalyzeDomain (116ms)
			TypeCache.Refresh (5ms)
				TypeCache.ScanAssembly (0ms)
			BuildScriptInfoCaches (104ms)
			ResolveRequiredComponents (4ms)
	FinalizeReload (695ms)
		ReleaseScriptCaches (0ms)
		RebuildScriptCaches (0ms)
		SetupLoadedEditorAssemblies (507ms)
			LogAssemblyErrors (0ms)
			InitializePlatformSupportModulesInManaged (23ms)
			SetLoadedEditorAssemblies (5ms)
			BeforeProcessingInitializeOnLoad (81ms)
			ProcessInitializeOnLoadAttributes (373ms)
			ProcessInitializeOnLoadMethodAttributes (21ms)
			AfterProcessingInitializeOnLoad (4ms)
			EditorAssembliesLoaded (0ms)
		ExecutionOrderSort2 (0ms)
		AwakeInstancesAfterBackupRestoration (7ms)
Refreshing native plugins compatible for Editor in 1.18 ms, found 3 plugins.
Preloading 0 native plugins for Editor in 0.00 ms.
Unloading 3 Unused Serialized files (Serialized files now loaded: 0)
Unloading 3989 unused Assets / (1.3 MB). Loaded Objects now: 4622.
Memory consumption went from 144.0 MB to 142.7 MB.
Total: 8.841800 ms (FindLiveObjects: 0.455000 ms CreateObjectMapping: 0.575700 ms MarkObjects: 6.170000 ms  DeleteObjects: 1.639800 ms)

Prepare: number of updated asset objects reloaded= 0
========================================================================
Received Import Request.
  Time since last request: 394.147685 seconds.
  path: Assets/Scenes_2/inputActions.inputactions
  artifactKey: Guid(a3f4e12366b934343857b9ee04fbc444) Importer(815301076,1909f56bfc062723c751e8b465ee728b)
Start importing Assets/Scenes_2/inputActions.inputactions using Guid(a3f4e12366b934343857b9ee04fbc444) Importer(815301076,1909f56bfc062723c751e8b465ee728b) (PreviewImporter) -> (artifact id: 'bfd393e95abd1e13df2bdbf1ba38bd4f') in 0.0198967 seconds
Number of updated asset objects reloaded before import = 0Number of asset objects unloaded after import = 2

========================================================================
Received Import Request.
  Time since last request: 946.145942 seconds.
  path: Assets/Scenes_2/inputActions.inputactions
  artifactKey: Guid(a3f4e12366b934343857b9ee04fbc444) Importer(815301076,1909f56bfc062723c751e8b465ee728b)
Start importing Assets/Scenes_2/inputActions.inputactions using Guid(a3f4e12366b934343857b9ee04fbc444) Importer(815301076,1909f56bfc062723c751e8b465ee728b) (PreviewImporter) -> (artifact id: '670271dab5e42b877722b6d7d8979368') in 0.0016169 seconds
Number of updated asset objects reloaded before import = 0Number of asset objects unloaded after import = 2

========================================================================
Received Import Request.
  Time since last request: 4.324538 seconds.
  path: Assets/Scenes_2/inputActions.inputactions
  artifactKey: Guid(a3f4e12366b934343857b9ee04fbc444) Importer(815301076,1909f56bfc062723c751e8b465ee728b)
Start importing Assets/Scenes_2/inputActions.inputactions using Guid(a3f4e12366b934343857b9ee04fbc444) Importer(815301076,1909f56bfc062723c751e8b465ee728b) (PreviewImporter) -> (artifact id: '954fb940b3dedf5b15c6ac6836f0c5ad') in 0.0010393 seconds
Number of updated asset objects reloaded before import = 0Number of asset objects unloaded after import = 1

========================================================================
Received Import Request.
  Time since last request: 3.648651 seconds.
  path: Assets/Scenes_2/inputActions.inputactions
  artifactKey: Guid(a3f4e12366b934343857b9ee04fbc444) Importer(815301076,1909f56bfc062723c751e8b465ee728b)
Start importing Assets/Scenes_2/inputActions.inputactions using Guid(a3f4e12366b934343857b9ee04fbc444) Importer(815301076,1909f56bfc062723c751e8b465ee728b) (PreviewImporter) -> (artifact id: 'a718ae1c10f2af1c8d5a69e362079d8f') in 0.0014209 seconds
Number of updated asset objects reloaded before import = 0Number of asset objects unloaded after import = 2

========================================================================
Received Import Request.
  Time since last request: 2.650380 seconds.
  path: Assets/Scenes_2/inputActions.inputactions
  artifactKey: Guid(a3f4e12366b934343857b9ee04fbc444) Importer(815301076,1909f56bfc062723c751e8b465ee728b)
Start importing Assets/Scenes_2/inputActions.inputactions using Guid(a3f4e12366b934343857b9ee04fbc444) Importer(815301076,1909f56bfc062723c751e8b465ee728b) (PreviewImporter) -> (artifact id: 'a5f87fc05d65a09776a2460106a854b8') in 0.0014503 seconds
Number of updated asset objects reloaded before import = 0Number of asset objects unloaded after import = 3

========================================================================
Received Import Request.
  Time since last request: 218.639545 seconds.
  path: Assets/Scenes_2/inputActions.inputactions
  artifactKey: Guid(a3f4e12366b934343857b9ee04fbc444) Importer(815301076,1909f56bfc062723c751e8b465ee728b)
Start importing Assets/Scenes_2/inputActions.inputactions using Guid(a3f4e12366b934343857b9ee04fbc444) Importer(815301076,1909f56bfc062723c751e8b465ee728b) (PreviewImporter) -> (artifact id: 'ee249a00e901e55891a11e134b94534a') in 0.001336 seconds
Number of updated asset objects reloaded before import = 0Number of asset objects unloaded after import = 2

========================================================================
Received Import Request.
  Time since last request: 10.970309 seconds.
  path: Assets/Scenes_2/inputActions.inputactions
  artifactKey: Guid(a3f4e12366b934343857b9ee04fbc444) Importer(815301076,1909f56bfc062723c751e8b465ee728b)
Start importing Assets/Scenes_2/inputActions.inputactions using Guid(a3f4e12366b934343857b9ee04fbc444) Importer(815301076,1909f56bfc062723c751e8b465ee728b) (PreviewImporter) -> (artifact id: '7f73859e6e89f51c7483f719a193615f') in 0.0013397 seconds
Number of updated asset objects reloaded before import = 0Number of asset objects unloaded after import = 2

========================================================================
Received Import Request.
  Time since last request: 25.982088 seconds.
  path: Assets/Scenes_2/inputActions.inputactions
  artifactKey: Guid(a3f4e12366b934343857b9ee04fbc444) Importer(815301076,1909f56bfc062723c751e8b465ee728b)
Start importing Assets/Scenes_2/inputActions.inputactions using Guid(a3f4e12366b934343857b9ee04fbc444) Importer(815301076,1909f56bfc062723c751e8b465ee728b) (PreviewImporter) -> (artifact id: '47cc414c7e79bab2029fbaa6857478d3') in 0.0012576 seconds
Number of updated asset objects reloaded before import = 0Number of asset objects unloaded after import = 2

========================================================================
Received Import Request.
  Time since last request: 8.749602 seconds.
  path: Assets/Scenes_2/inputActions.inputactions
  artifactKey: Guid(a3f4e12366b934343857b9ee04fbc444) Importer(815301076,1909f56bfc062723c751e8b465ee728b)
Start importing Assets/Scenes_2/inputActions.inputactions using Guid(a3f4e12366b934343857b9ee04fbc444) Importer(815301076,1909f56bfc062723c751e8b465ee728b) (PreviewImporter) -> (artifact id: '590dfa5da08e802b703314e59eb8471c') in 0.0012853 seconds
Number of updated asset objects reloaded before import = 0Number of asset objects unloaded after import = 2

========================================================================
Received Import Request.
  Time since last request: 4.087624 seconds.
  path: Assets/Scenes_2/inputActions.inputactions
  artifactKey: Guid(a3f4e12366b934343857b9ee04fbc444) Importer(815301076,1909f56bfc062723c751e8b465ee728b)
Start importing Assets/Scenes_2/inputActions.inputactions using Guid(a3f4e12366b934343857b9ee04fbc444) Importer(815301076,1909f56bfc062723c751e8b465ee728b) (PreviewImporter) -> (artifact id: 'de923fc84a1481af87f87eb51c560fed') in 0.0012567 seconds
Number of updated asset objects reloaded before import = 0Number of asset objects unloaded after import = 2

========================================================================
Received Import Request.
  Time since last request: 19.639011 seconds.
  path: Assets/Scenes_2/inputActions.inputactions
  artifactKey: Guid(a3f4e12366b934343857b9ee04fbc444) Importer(815301076,1909f56bfc062723c751e8b465ee728b)
Start importing Assets/Scenes_2/inputActions.inputactions using Guid(a3f4e12366b934343857b9ee04fbc444) Importer(815301076,1909f56bfc062723c751e8b465ee728b) (PreviewImporter) -> (artifact id: 'ab072e61c8a8710639f997fb658b7c7a') in 0.001534 seconds
Number of updated asset objects reloaded before import = 0Number of asset objects unloaded after import = 2

========================================================================
Received Import Request.
  Time since last request: 30.730358 seconds.
  path: Assets/Scenes_2/inputActions.inputactions
  artifactKey: Guid(a3f4e12366b934343857b9ee04fbc444) Importer(815301076,1909f56bfc062723c751e8b465ee728b)
Start importing Assets/Scenes_2/inputActions.inputactions using Guid(a3f4e12366b934343857b9ee04fbc444) Importer(815301076,1909f56bfc062723c751e8b465ee728b) (PreviewImporter) -> (artifact id: 'b57f5ceeca97fb83618710fa26b3b078') in 0.0013815 seconds
Number of updated asset objects reloaded before import = 0Number of asset objects unloaded after import = 2

========================================================================
Received Import Request.
  Time since last request: 11.720075 seconds.
  path: Assets/Scenes_2/inputActions.inputactions
  artifactKey: Guid(a3f4e12366b934343857b9ee04fbc444) Importer(815301076,1909f56bfc062723c751e8b465ee728b)
Start importing Assets/Scenes_2/inputActions.inputactions using Guid(a3f4e12366b934343857b9ee04fbc444) Importer(815301076,1909f56bfc062723c751e8b465ee728b) (PreviewImporter) -> (artifact id: '4401bbe0b8e899a1f54bf0f8153938d6') in 0.0013491 seconds
Number of updated asset objects reloaded before import = 0Number of asset objects unloaded after import = 2

========================================================================
Received Import Request.
  Time since last request: 5.165656 seconds.
  path: Assets/Scenes_2/inputActions.inputactions
  artifactKey: Guid(a3f4e12366b934343857b9ee04fbc444) Importer(815301076,1909f56bfc062723c751e8b465ee728b)
Start importing Assets/Scenes_2/inputActions.inputactions using Guid(a3f4e12366b934343857b9ee04fbc444) Importer(815301076,1909f56bfc062723c751e8b465ee728b) (PreviewImporter) -> (artifact id: 'b979e395f2a34246e4fd3597490c82a5') in 0.0015247 seconds
Number of updated asset objects reloaded before import = 0Number of asset objects unloaded after import = 2

========================================================================
Received Import Request.
  Time since last request: 3.607287 seconds.
  path: Assets/Scenes_2/inputActions.inputactions
  artifactKey: Guid(a3f4e12366b934343857b9ee04fbc444) Importer(815301076,1909f56bfc062723c751e8b465ee728b)
Start importing Assets/Scenes_2/inputActions.inputactions using Guid(a3f4e12366b934343857b9ee04fbc444) Importer(815301076,1909f56bfc062723c751e8b465ee728b) (PreviewImporter) -> (artifact id: '7b9846c519d9a55cd302089c11da3e35') in 0.0015688 seconds
Number of updated asset objects reloaded before import = 0Number of asset objects unloaded after import = 2

========================================================================
Received Import Request.
  Time since last request: 3.985694 seconds.
  path: Assets/Scenes_2/inputActions.inputactions
  artifactKey: Guid(a3f4e12366b934343857b9ee04fbc444) Importer(815301076,1909f56bfc062723c751e8b465ee728b)
Start importing Assets/Scenes_2/inputActions.inputactions using Guid(a3f4e12366b934343857b9ee04fbc444) Importer(815301076,1909f56bfc062723c751e8b465ee728b) (PreviewImporter) -> (artifact id: 'f066a47398cfee8e567f0c7cfd66a4ad') in 0.0014077 seconds
Number of updated asset objects reloaded before import = 0Number of asset objects unloaded after import = 2

========================================================================
Received Import Request.
  Time since last request: 4.894392 seconds.
  path: Assets/Scenes_2/inputActions.inputactions
  artifactKey: Guid(a3f4e12366b934343857b9ee04fbc444) Importer(815301076,1909f56bfc062723c751e8b465ee728b)
Start importing Assets/Scenes_2/inputActions.inputactions using Guid(a3f4e12366b934343857b9ee04fbc444) Importer(815301076,1909f56bfc062723c751e8b465ee728b) (PreviewImporter) -> (artifact id: '228f115761e8ce75e545a1cb7ea719de') in 0.0016158 seconds
Number of updated asset objects reloaded before import = 0Number of asset objects unloaded after import = 2

========================================================================
Received Import Request.
  Time since last request: 7.788386 seconds.
  path: Assets/Scenes_2/inputActions.inputactions
  artifactKey: Guid(a3f4e12366b934343857b9ee04fbc444) Importer(815301076,1909f56bfc062723c751e8b465ee728b)
Start importing Assets/Scenes_2/inputActions.inputactions using Guid(a3f4e12366b934343857b9ee04fbc444) Importer(815301076,1909f56bfc062723c751e8b465ee728b) (PreviewImporter) -> (artifact id: '2c57fd89c342d3c0c5e6132ed7d4d6ca') in 0.0015349 seconds
Number of updated asset objects reloaded before import = 0Number of asset objects unloaded after import = 2

========================================================================
Received Import Request.
  Time since last request: 2.645057 seconds.
  path: Assets/Scenes_2/inputActions.inputactions
  artifactKey: Guid(a3f4e12366b934343857b9ee04fbc444) Importer(815301076,1909f56bfc062723c751e8b465ee728b)
Start importing Assets/Scenes_2/inputActions.inputactions using Guid(a3f4e12366b934343857b9ee04fbc444) Importer(815301076,1909f56bfc062723c751e8b465ee728b) (PreviewImporter) -> (artifact id: 'd97ff36d7b96e90404db3b4793e51943') in 0.0015367 seconds
Number of updated asset objects reloaded before import = 0Number of asset objects unloaded after import = 2

========================================================================
Received Import Request.
  Time since last request: 93.006517 seconds.
  path: Assets/Scenes_2/inputActions.inputactions
  artifactKey: Guid(a3f4e12366b934343857b9ee04fbc444) Importer(815301076,1909f56bfc062723c751e8b465ee728b)
Start importing Assets/Scenes_2/inputActions.inputactions using Guid(a3f4e12366b934343857b9ee04fbc444) Importer(815301076,1909f56bfc062723c751e8b465ee728b) (PreviewImporter) -> (artifact id: '9cde007d8aab869f95f2a9e0031118e4') in 0.0014619 seconds
Number of updated asset objects reloaded before import = 0Number of asset objects unloaded after import = 2

========================================================================
Received Import Request.
  Time since last request: 43.408291 seconds.
  path: Assets/Scenes_2/inputActions.inputactions
  artifactKey: Guid(a3f4e12366b934343857b9ee04fbc444) Importer(815301076,1909f56bfc062723c751e8b465ee728b)
Start importing Assets/Scenes_2/inputActions.inputactions using Guid(a3f4e12366b934343857b9ee04fbc444) Importer(815301076,1909f56bfc062723c751e8b465ee728b) (PreviewImporter) -> (artifact id: 'f3d360e679d0b3515646ac38970a30ff') in 0.001378 seconds
Number of updated asset objects reloaded before import = 0Number of asset objects unloaded after import = 2

========================================================================
Received Import Request.
  Time since last request: 15.167339 seconds.
  path: Assets/Scenes_2/inputActions.inputactions
  artifactKey: Guid(a3f4e12366b934343857b9ee04fbc444) Importer(815301076,1909f56bfc062723c751e8b465ee728b)
Start importing Assets/Scenes_2/inputActions.inputactions using Guid(a3f4e12366b934343857b9ee04fbc444) Importer(815301076,1909f56bfc062723c751e8b465ee728b) (PreviewImporter) -> (artifact id: 'cc93a85157fdd612cb651976f3a2e73c') in 0.0015271 seconds
Number of updated asset objects reloaded before import = 0Number of asset objects unloaded after import = 2

========================================================================
Received Import Request.
  Time since last request: 3.396788 seconds.
  path: Assets/Scenes_2/inputActions.inputactions
  artifactKey: Guid(a3f4e12366b934343857b9ee04fbc444) Importer(815301076,1909f56bfc062723c751e8b465ee728b)
Start importing Assets/Scenes_2/inputActions.inputactions using Guid(a3f4e12366b934343857b9ee04fbc444) Importer(815301076,1909f56bfc062723c751e8b465ee728b) (PreviewImporter) -> (artifact id: '7d1e0edfe6828ebadc958d51f72812b3') in 0.0013225 seconds
Number of updated asset objects reloaded before import = 0Number of asset objects unloaded after import = 2

========================================================================
Received Import Request.
  Time since last request: 2.579701 seconds.
  path: Assets/Scenes_2/inputActions.inputactions
  artifactKey: Guid(a3f4e12366b934343857b9ee04fbc444) Importer(815301076,1909f56bfc062723c751e8b465ee728b)
Start importing Assets/Scenes_2/inputActions.inputactions using Guid(a3f4e12366b934343857b9ee04fbc444) Importer(815301076,1909f56bfc062723c751e8b465ee728b) (PreviewImporter) -> (artifact id: 'ebfabc47f741c1e31051ce5f85d10a3c') in 0.0014393 seconds
Number of updated asset objects reloaded before import = 0Number of asset objects unloaded after import = 2

========================================================================
Received Import Request.
  Time since last request: 64.398245 seconds.
  path: Assets/Scenes_2/inputActions.inputactions
  artifactKey: Guid(a3f4e12366b934343857b9ee04fbc444) Importer(815301076,1909f56bfc062723c751e8b465ee728b)
Start importing Assets/Scenes_2/inputActions.inputactions using Guid(a3f4e12366b934343857b9ee04fbc444) Importer(815301076,1909f56bfc062723c751e8b465ee728b) (PreviewImporter) -> (artifact id: '9f092f6611750d0809589eb9f39780ab') in 0.0014841 seconds
Number of updated asset objects reloaded before import = 0Number of asset objects unloaded after import = 3

========================================================================
Received Import Request.
  Time since last request: 141.127177 seconds.
  path: Assets/Scenes_2/inputActions.inputactions
  artifactKey: Guid(a3f4e12366b934343857b9ee04fbc444) Importer(815301076,1909f56bfc062723c751e8b465ee728b)
Start importing Assets/Scenes_2/inputActions.inputactions using Guid(a3f4e12366b934343857b9ee04fbc444) Importer(815301076,1909f56bfc062723c751e8b465ee728b) (PreviewImporter) -> (artifact id: 'c7590b3a865d6730f0bf1a2ee8332bb8') in 0.0016582 seconds
Number of updated asset objects reloaded before import = 0Number of asset objects unloaded after import = 3

========================================================================
Received Import Request.
  Time since last request: 143.142858 seconds.
  path: Assets/Scenes_2/inputActions.inputactions
  artifactKey: Guid(a3f4e12366b934343857b9ee04fbc444) Importer(815301076,1909f56bfc062723c751e8b465ee728b)
Start importing Assets/Scenes_2/inputActions.inputactions using Guid(a3f4e12366b934343857b9ee04fbc444) Importer(815301076,1909f56bfc062723c751e8b465ee728b) (PreviewImporter) -> (artifact id: 'c8c3a86f79a56a8aba501d0eba73f6df') in 0.0015913 seconds
Number of updated asset objects reloaded before import = 0Number of asset objects unloaded after import = 3

========================================================================
Received Import Request.
  Time since last request: 3.974163 seconds.
  path: Assets/Scenes_2/inputActions.inputactions
  artifactKey: Guid(a3f4e12366b934343857b9ee04fbc444) Importer(815301076,1909f56bfc062723c751e8b465ee728b)
Start importing Assets/Scenes_2/inputActions.inputactions using Guid(a3f4e12366b934343857b9ee04fbc444) Importer(815301076,1909f56bfc062723c751e8b465ee728b) (PreviewImporter) -> (artifact id: '3b19de21e89620d1b168f6bec0b350f3') in 0.0013991 seconds
Number of updated asset objects reloaded before import = 0Number of asset objects unloaded after import = 3

========================================================================
Received Import Request.
  Time since last request: 3.066416 seconds.
  path: Assets/Scenes_2/inputActions.inputactions
  artifactKey: Guid(a3f4e12366b934343857b9ee04fbc444) Importer(815301076,1909f56bfc062723c751e8b465ee728b)
Start importing Assets/Scenes_2/inputActions.inputactions using Guid(a3f4e12366b934343857b9ee04fbc444) Importer(815301076,1909f56bfc062723c751e8b465ee728b) (PreviewImporter) -> (artifact id: 'a674198958ac35f07b22f38dbc1f7bd8') in 0.0020628 seconds
Number of updated asset objects reloaded before import = 0Number of asset objects unloaded after import = 3

========================================================================
Received Import Request.
  Time since last request: 79.768997 seconds.
  path: Assets/Scenes_2/inputActions.inputactions
  artifactKey: Guid(a3f4e12366b934343857b9ee04fbc444) Importer(815301076,1909f56bfc062723c751e8b465ee728b)
Start importing Assets/Scenes_2/inputActions.inputactions using Guid(a3f4e12366b934343857b9ee04fbc444) Importer(815301076,1909f56bfc062723c751e8b465ee728b) (PreviewImporter) -> (artifact id: '8df0eedb377e356c43d488a09ec1f453') in 0.0014868 seconds
Number of updated asset objects reloaded before import = 0Number of asset objects unloaded after import = 3

========================================================================
Received Import Request.
  Time since last request: 44.626246 seconds.
  path: Assets/Scenes_2/inputActions.inputactions
  artifactKey: Guid(a3f4e12366b934343857b9ee04fbc444) Importer(815301076,1909f56bfc062723c751e8b465ee728b)
Start importing Assets/Scenes_2/inputActions.inputactions using Guid(a3f4e12366b934343857b9ee04fbc444) Importer(815301076,1909f56bfc062723c751e8b465ee728b) (PreviewImporter) -> (artifact id: '829843f162288d93a3829b28afec1b5d') in 0.0017905 seconds
Number of updated asset objects reloaded before import = 0Number of asset objects unloaded after import = 4

